<?xml version="1.0" encoding="UTF-8"?>
<!-- Generated by org.testng.reporters.JUnitXMLReporter -->
<testsuite ignored="0" hostname="vikrantphadtar" failures="0" tests="6" name="/TestManagementAPIs" time="31.701" errors="0" timestamp="2024-01-29T14:38:14 IST">
  <testcase classname="testmanagement.Projects" name="getProjectid" time="2.858"/>
  <testcase classname="testmanagement.TestRuns" name="getTestRunList" time="1.733"/>
  <testcase classname="testmanagement.TestRuns" name="createTestRuns" time="1.846"/>
  <testcase classname="testmanagement.TestRuns" name="closeTestRuns" time="20.376"/>
  <testcase classname="testmanagement.TestPlan" name="createTestPlan" time="3.087"/>
  <testcase classname="testmanagement.TestPlan" name="getTestRunsLinkedToTestPlan" time="1.745"/>
</testsuite> <!-- /TestManagementAPIs -->
